2016-02-02 22:23:45 INFO  LogHelper:31 - HHH000204: Processing PersistenceUnitInfo [
	name: hibernate-ComputerStore
	...]
2016-02-02 22:23:45 INFO  Version:37 - HHH000412: Hibernate Core {5.0.3.Final}
2016-02-02 22:23:45 INFO  Environment:213 - HHH000206: hibernate.properties not found
2016-02-02 22:23:45 INFO  Environment:317 - HHH000021: Bytecode provider name : javassist
2016-02-02 22:23:45 INFO  Version:66 - HCANN000001: Hibernate Commons Annotations {5.0.0.Final}
2016-02-02 22:23:45 WARN  DriverManagerConnectionProviderImpl:72 - HHH000402: Using Hibernate built-in connection pool (not for production use!)
2016-02-02 22:23:45 INFO  DriverManagerConnectionProviderImpl:128 - HHH000401: using driver [com.mysql.jdbc.Driver] at URL [jdbc:mysql://localhost:3306/computer_store]
2016-02-02 22:23:45 INFO  DriverManagerConnectionProviderImpl:137 - HHH000046: Connection properties: {user=root, password=****}
2016-02-02 22:23:45 INFO  DriverManagerConnectionProviderImpl:142 - HHH000006: Autocommit mode: false
2016-02-02 22:23:45 INFO  DriverManagerConnectionProviderImpl:39 - HHH000115: Hibernate connection pool size: 20 (min=1)
2016-02-02 22:25:16 INFO  LogHelper:31 - HHH000204: Processing PersistenceUnitInfo [
	name: hibernate-ComputerStore
	...]
2016-02-02 22:25:16 INFO  Version:37 - HHH000412: Hibernate Core {5.0.3.Final}
2016-02-02 22:25:16 INFO  Environment:213 - HHH000206: hibernate.properties not found
2016-02-02 22:25:16 INFO  Environment:317 - HHH000021: Bytecode provider name : javassist
2016-02-02 22:25:16 INFO  Version:66 - HCANN000001: Hibernate Commons Annotations {5.0.0.Final}
2016-02-02 22:25:16 WARN  DriverManagerConnectionProviderImpl:72 - HHH000402: Using Hibernate built-in connection pool (not for production use!)
2016-02-02 22:25:16 INFO  DriverManagerConnectionProviderImpl:128 - HHH000401: using driver [com.mysql.jdbc.Driver] at URL [jdbc:mysql://localhost:3306/computer_store]
2016-02-02 22:25:16 INFO  DriverManagerConnectionProviderImpl:137 - HHH000046: Connection properties: {user=root, password=****}
2016-02-02 22:25:16 INFO  DriverManagerConnectionProviderImpl:142 - HHH000006: Autocommit mode: false
2016-02-02 22:25:16 INFO  DriverManagerConnectionProviderImpl:39 - HHH000115: Hibernate connection pool size: 20 (min=1)
2016-02-02 22:29:21 INFO  LogHelper:31 - HHH000204: Processing PersistenceUnitInfo [
	name: hibernate-unit
	...]
2016-02-02 22:29:21 INFO  Version:37 - HHH000412: Hibernate Core {5.0.3.Final}
2016-02-02 22:29:21 INFO  Environment:213 - HHH000206: hibernate.properties not found
2016-02-02 22:29:21 INFO  Environment:317 - HHH000021: Bytecode provider name : javassist
2016-02-02 22:29:21 INFO  Version:66 - HCANN000001: Hibernate Commons Annotations {5.0.0.Final}
2016-02-02 22:29:21 WARN  DriverManagerConnectionProviderImpl:72 - HHH000402: Using Hibernate built-in connection pool (not for production use!)
2016-02-02 22:29:21 INFO  DriverManagerConnectionProviderImpl:128 - HHH000401: using driver [com.mysql.jdbc.Driver] at URL [jdbc:mysql://localhost:3306/computer_store]
2016-02-02 22:29:21 INFO  DriverManagerConnectionProviderImpl:137 - HHH000046: Connection properties: {user=root, password=****}
2016-02-02 22:29:21 INFO  DriverManagerConnectionProviderImpl:142 - HHH000006: Autocommit mode: false
2016-02-02 22:29:21 INFO  DriverManagerConnectionProviderImpl:39 - HHH000115: Hibernate connection pool size: 20 (min=1)
2016-02-02 22:49:29 INFO  LogHelper:31 - HHH000204: Processing PersistenceUnitInfo [
	name: hibernate-unit
	...]
2016-02-02 22:49:30 INFO  Version:37 - HHH000412: Hibernate Core {5.0.3.Final}
2016-02-02 22:49:30 INFO  Environment:213 - HHH000206: hibernate.properties not found
2016-02-02 22:49:30 INFO  Environment:317 - HHH000021: Bytecode provider name : javassist
2016-02-02 22:49:30 INFO  Version:66 - HCANN000001: Hibernate Commons Annotations {5.0.0.Final}
2016-02-02 22:49:30 WARN  DriverManagerConnectionProviderImpl:72 - HHH000402: Using Hibernate built-in connection pool (not for production use!)
2016-02-02 22:49:30 INFO  DriverManagerConnectionProviderImpl:128 - HHH000401: using driver [com.mysql.jdbc.Driver] at URL [jdbc:mysql://localhost:3306/computer_store]
2016-02-02 22:49:30 INFO  DriverManagerConnectionProviderImpl:137 - HHH000046: Connection properties: {user=root, password=****}
2016-02-02 22:49:30 INFO  DriverManagerConnectionProviderImpl:142 - HHH000006: Autocommit mode: false
2016-02-02 22:49:30 INFO  DriverManagerConnectionProviderImpl:39 - HHH000115: Hibernate connection pool size: 20 (min=1)
2016-02-02 22:49:30 INFO  Dialect:154 - HHH000400: Using dialect: org.hibernate.dialect.MySQL5Dialect
2016-02-02 22:49:30 INFO  LobCreatorBuilderImpl:98 - HHH000423: Disabling contextual LOB creation as JDBC driver reported JDBC version [3] less than 4
2016-02-02 23:02:14 INFO  LogHelper:31 - HHH000204: Processing PersistenceUnitInfo [
	name: hibernate-unit
	...]
2016-02-02 23:02:14 INFO  Version:37 - HHH000412: Hibernate Core {5.0.3.Final}
2016-02-02 23:02:14 INFO  Environment:213 - HHH000206: hibernate.properties not found
2016-02-02 23:02:14 INFO  Environment:317 - HHH000021: Bytecode provider name : javassist
2016-02-02 23:02:14 INFO  Version:66 - HCANN000001: Hibernate Commons Annotations {5.0.0.Final}
2016-02-02 23:02:14 WARN  DriverManagerConnectionProviderImpl:72 - HHH000402: Using Hibernate built-in connection pool (not for production use!)
2016-02-02 23:02:14 INFO  DriverManagerConnectionProviderImpl:128 - HHH000401: using driver [com.mysql.jdbc.Driver] at URL [jdbc:mysql://localhost:3306/computer_store]
2016-02-02 23:02:14 INFO  DriverManagerConnectionProviderImpl:137 - HHH000046: Connection properties: {user=root, password=****}
2016-02-02 23:02:14 INFO  DriverManagerConnectionProviderImpl:142 - HHH000006: Autocommit mode: false
2016-02-02 23:02:14 INFO  DriverManagerConnectionProviderImpl:39 - HHH000115: Hibernate connection pool size: 20 (min=1)
2016-02-02 23:02:15 INFO  Dialect:154 - HHH000400: Using dialect: org.hibernate.dialect.MySQL5Dialect
2016-02-02 23:02:15 INFO  LobCreatorBuilderImpl:98 - HHH000423: Disabling contextual LOB creation as JDBC driver reported JDBC version [3] less than 4
2016-02-02 23:06:42 INFO  LogHelper:31 - HHH000204: Processing PersistenceUnitInfo [
	name: hibernate-unit
	...]
2016-02-02 23:06:42 INFO  Version:37 - HHH000412: Hibernate Core {5.0.3.Final}
2016-02-02 23:06:42 INFO  Environment:213 - HHH000206: hibernate.properties not found
2016-02-02 23:06:42 INFO  Environment:317 - HHH000021: Bytecode provider name : javassist
2016-02-02 23:06:42 INFO  Version:66 - HCANN000001: Hibernate Commons Annotations {5.0.0.Final}
2016-02-02 23:06:42 WARN  DriverManagerConnectionProviderImpl:72 - HHH000402: Using Hibernate built-in connection pool (not for production use!)
2016-02-02 23:06:42 INFO  DriverManagerConnectionProviderImpl:128 - HHH000401: using driver [com.mysql.jdbc.Driver] at URL [jdbc:mysql://localhost:3306/computer_store]
2016-02-02 23:06:42 INFO  DriverManagerConnectionProviderImpl:137 - HHH000046: Connection properties: {user=root, password=****}
2016-02-02 23:06:42 INFO  DriverManagerConnectionProviderImpl:142 - HHH000006: Autocommit mode: false
2016-02-02 23:06:42 INFO  DriverManagerConnectionProviderImpl:39 - HHH000115: Hibernate connection pool size: 20 (min=1)
2016-02-02 23:06:42 INFO  Dialect:154 - HHH000400: Using dialect: org.hibernate.dialect.MySQL5Dialect
2016-02-02 23:06:42 INFO  LobCreatorBuilderImpl:98 - HHH000423: Disabling contextual LOB creation as JDBC driver reported JDBC version [3] less than 4
2016-02-02 23:11:15 INFO  LogHelper:31 - HHH000204: Processing PersistenceUnitInfo [
	name: hibernate-unit
	...]
2016-02-02 23:11:15 INFO  Version:37 - HHH000412: Hibernate Core {5.0.3.Final}
2016-02-02 23:11:15 INFO  Environment:213 - HHH000206: hibernate.properties not found
2016-02-02 23:11:15 INFO  Environment:317 - HHH000021: Bytecode provider name : javassist
2016-02-02 23:11:15 INFO  Version:66 - HCANN000001: Hibernate Commons Annotations {5.0.0.Final}
2016-02-02 23:11:15 WARN  DriverManagerConnectionProviderImpl:72 - HHH000402: Using Hibernate built-in connection pool (not for production use!)
2016-02-02 23:11:15 INFO  DriverManagerConnectionProviderImpl:128 - HHH000401: using driver [com.mysql.jdbc.Driver] at URL [jdbc:mysql://localhost:3306/computer_store]
2016-02-02 23:11:15 INFO  DriverManagerConnectionProviderImpl:137 - HHH000046: Connection properties: {user=root, password=****}
2016-02-02 23:11:15 INFO  DriverManagerConnectionProviderImpl:142 - HHH000006: Autocommit mode: false
2016-02-02 23:11:15 INFO  DriverManagerConnectionProviderImpl:39 - HHH000115: Hibernate connection pool size: 20 (min=1)
2016-02-02 23:11:15 INFO  Dialect:154 - HHH000400: Using dialect: org.hibernate.dialect.MySQL5Dialect
2016-02-02 23:11:15 INFO  LobCreatorBuilderImpl:98 - HHH000423: Disabling contextual LOB creation as JDBC driver reported JDBC version [3] less than 4
2016-02-02 23:12:21 INFO  LogHelper:31 - HHH000204: Processing PersistenceUnitInfo [
	name: hibernate-unit
	...]
2016-02-02 23:12:21 INFO  Version:37 - HHH000412: Hibernate Core {5.0.3.Final}
2016-02-02 23:12:21 INFO  Environment:213 - HHH000206: hibernate.properties not found
2016-02-02 23:12:21 INFO  Environment:317 - HHH000021: Bytecode provider name : javassist
2016-02-02 23:12:21 INFO  Version:66 - HCANN000001: Hibernate Commons Annotations {5.0.0.Final}
2016-02-02 23:12:21 WARN  DriverManagerConnectionProviderImpl:72 - HHH000402: Using Hibernate built-in connection pool (not for production use!)
2016-02-02 23:12:21 INFO  DriverManagerConnectionProviderImpl:128 - HHH000401: using driver [com.mysql.jdbc.Driver] at URL [jdbc:mysql://localhost:3306/computer_store]
2016-02-02 23:12:21 INFO  DriverManagerConnectionProviderImpl:137 - HHH000046: Connection properties: {user=root, password=****}
2016-02-02 23:12:21 INFO  DriverManagerConnectionProviderImpl:142 - HHH000006: Autocommit mode: false
2016-02-02 23:12:21 INFO  DriverManagerConnectionProviderImpl:39 - HHH000115: Hibernate connection pool size: 20 (min=1)
2016-02-02 23:12:21 INFO  Dialect:154 - HHH000400: Using dialect: org.hibernate.dialect.MySQL5Dialect
2016-02-02 23:12:21 INFO  LobCreatorBuilderImpl:98 - HHH000423: Disabling contextual LOB creation as JDBC driver reported JDBC version [3] less than 4
2016-02-02 23:14:48 INFO  LogHelper:31 - HHH000204: Processing PersistenceUnitInfo [
	name: hibernate-unit
	...]
2016-02-02 23:14:48 INFO  Version:37 - HHH000412: Hibernate Core {5.0.3.Final}
2016-02-02 23:14:48 INFO  Environment:213 - HHH000206: hibernate.properties not found
2016-02-02 23:14:48 INFO  Environment:317 - HHH000021: Bytecode provider name : javassist
2016-02-02 23:14:48 INFO  Version:66 - HCANN000001: Hibernate Commons Annotations {5.0.0.Final}
2016-02-02 23:14:48 WARN  DriverManagerConnectionProviderImpl:72 - HHH000402: Using Hibernate built-in connection pool (not for production use!)
2016-02-02 23:14:48 INFO  DriverManagerConnectionProviderImpl:128 - HHH000401: using driver [com.mysql.jdbc.Driver] at URL [jdbc:mysql://localhost:3306/computer_store]
2016-02-02 23:14:48 INFO  DriverManagerConnectionProviderImpl:137 - HHH000046: Connection properties: {user=root, password=****}
2016-02-02 23:14:48 INFO  DriverManagerConnectionProviderImpl:142 - HHH000006: Autocommit mode: false
2016-02-02 23:14:48 INFO  DriverManagerConnectionProviderImpl:39 - HHH000115: Hibernate connection pool size: 20 (min=1)
2016-02-02 23:14:48 INFO  Dialect:154 - HHH000400: Using dialect: org.hibernate.dialect.MySQL5Dialect
2016-02-02 23:14:48 INFO  LobCreatorBuilderImpl:98 - HHH000423: Disabling contextual LOB creation as JDBC driver reported JDBC version [3] less than 4
2016-02-02 23:16:52 INFO  LogHelper:31 - HHH000204: Processing PersistenceUnitInfo [
	name: hibernate-unit
	...]
2016-02-02 23:16:52 INFO  Version:37 - HHH000412: Hibernate Core {5.0.3.Final}
2016-02-02 23:16:52 INFO  Environment:213 - HHH000206: hibernate.properties not found
2016-02-02 23:16:52 INFO  Environment:317 - HHH000021: Bytecode provider name : javassist
2016-02-02 23:16:52 INFO  Version:66 - HCANN000001: Hibernate Commons Annotations {5.0.0.Final}
2016-02-02 23:16:52 WARN  DriverManagerConnectionProviderImpl:72 - HHH000402: Using Hibernate built-in connection pool (not for production use!)
2016-02-02 23:16:52 INFO  DriverManagerConnectionProviderImpl:128 - HHH000401: using driver [com.mysql.jdbc.Driver] at URL [jdbc:mysql://localhost:3306/computer_store]
2016-02-02 23:16:52 INFO  DriverManagerConnectionProviderImpl:137 - HHH000046: Connection properties: {user=root, password=****}
2016-02-02 23:16:52 INFO  DriverManagerConnectionProviderImpl:142 - HHH000006: Autocommit mode: false
2016-02-02 23:16:52 INFO  DriverManagerConnectionProviderImpl:39 - HHH000115: Hibernate connection pool size: 20 (min=1)
2016-02-02 23:16:52 INFO  Dialect:154 - HHH000400: Using dialect: org.hibernate.dialect.MySQL5Dialect
2016-02-02 23:16:52 INFO  LobCreatorBuilderImpl:98 - HHH000423: Disabling contextual LOB creation as JDBC driver reported JDBC version [3] less than 4
